<?xml version="1.0" encoding="UTF-8"?>
<!-- Generated by org.testng.reporters.JUnitXMLReporter -->
<testsuite ignored="1" hostname="abdulraheemPC" failures="0" tests="1" name="Default test" time="8.447" errors="0" timestamp="2025-04-21T18:44:18 EET">
  <testcase classname="codenboxautomationlab1.codenboxautomationlab1.AppTest" name="Dynamic_Dropdown" time="2.178"/>
  <testcase classname="codenboxautomationlab1.codenboxautomationlab1.AppTest" name="RadioButton" time="0.0">
    <ignored/>
  </testcase> <!-- RadioButton -->
</testsuite> <!-- Default test -->
